Live at Port 3310
Route RFC active time:  1553314643443
Are we connected? true
Connecting...
Invoke  BAPI_USER_GETLIST
Result BAPI_USER_GETLIST: [ { ROWS: 52,
    MAX_ROWS: 100,
    WITH_USERNAME: '',
    RETURN: [],
    SELECTION_EXP: [],
    SELECTION_RANGE: [ [Object] ],
    USERLIST:
     [ [Object],
       [Object],
       [Object],
       [Object],
       [Object],
       [Object],
       [Object],
       [Object],
       [Object],
       [Object],
       [Object],
       [Object],
       [Object],
       [Object],
       [Object],
       [Object],
       [Object],
       [Object],
       [Object],
       [Object],
       [Object],
       [Object],
       [Object],
       [Object],
       [Object],
       [Object],
       [Object],
       [Object],
       [Object],
       [Object],
       [Object],
       [Object],
       [Object],
       [Object],
       [Object],
       [Object],
       [Object],
       [Object],
       [Object],
       [Object],
       [Object],
       [Object],
       [Object],
       [Object],
       [Object],
       [Object],
       [Object],
       [Object],
       [Object],
       [Object],
       [Object],
       [Object] ] },
  { invokeTime: 595, connectTime: 110 } ]
Route RFC active time:  1553314703540
Are we connected? true
Connecting...
Invoke  BAPI_USER_GETLIST
Result BAPI_USER_GETLIST: [ { ROWS: 52,
    MAX_ROWS: 100,
    WITH_USERNAME: '',
    RETURN: [],
    SELECTION_EXP: [],
    SELECTION_RANGE: [ [Object] ],
    USERLIST:
     [ [Object],
       [Object],
       [Object],
       [Object],
       [Object],
       [Object],
       [Object],
       [Object],
       [Object],
       [Object],
       [Object],
       [Object],
       [Object],
       [Object],
       [Object],
       [Object],
       [Object],
       [Object],
       [Object],
       [Object],
       [Object],
       [Object],
       [Object],
       [Object],
       [Object],
       [Object],
       [Object],
       [Object],
       [Object],
       [Object],
       [Object],
       [Object],
       [Object],
       [Object],
       [Object],
       [Object],
       [Object],
       [Object],
       [Object],
       [Object],
       [Object],
       [Object],
       [Object],
       [Object],
       [Object],
       [Object],
       [Object],
       [Object],
       [Object],
       [Object],
       [Object],
       [Object] ] },
  { invokeTime: 22, connectTime: 0 } ]
Live at Port 3310
Route RFC active time:  1553314715878
Are we connected? true
Connecting...
Invoke  BAPI_USER_GETLIST
Result BAPI_USER_GETLIST: [ { ROWS: 52,
    MAX_ROWS: 100,
    WITH_USERNAME: '',
    RETURN: [],
    SELECTION_EXP: [],
    SELECTION_RANGE: [ [Object] ],
    USERLIST:
     [ [Object],
       [Object],
       [Object],
       [Object],
       [Object],
       [Object],
       [Object],
       [Object],
       [Object],
       [Object],
       [Object],
       [Object],
       [Object],
       [Object],
       [Object],
       [Object],
       [Object],
       [Object],
       [Object],
       [Object],
       [Object],
       [Object],
       [Object],
       [Object],
       [Object],
       [Object],
       [Object],
       [Object],
       [Object],
       [Object],
       [Object],
       [Object],
       [Object],
       [Object],
       [Object],
       [Object],
       [Object],
       [Object],
       [Object],
       [Object],
       [Object],
       [Object],
       [Object],
       [Object],
       [Object],
       [Object],
       [Object],
       [Object],
       [Object],
       [Object],
       [Object],
       [Object] ] },
  { invokeTime: 197, connectTime: 182 } ]
Live at Port 3310
Live at Port 3310
Route RFC active time:  1553494272116
Client Version:  { major: 7210, minor: 0, patchLevel: 39 }
Are we connected? false
Connecting...
SAP CONNECT: { user: 'srwmisr',
  passwd: 'analyst1',
  ashost: '10.11.9.11',
  sysnr: '00',
  client: '500',
  lang: 'EN' }
Result: User SRWBUS12 unlocked, if this is permitted in this system
Done!
